{"numFailedTestSuites":1,"numFailedTests":2,"numPassedTestSuites":0,"numPassedTests":2,"numPendingTestSuites":0,"numPendingTests":0,"numRuntimeErrorTestSuites":0,"numTodoTests":0,"numTotalTestSuites":1,"numTotalTests":4,"openHandles":[],"snapshot":{"added":0,"didUpdate":false,"failure":false,"filesAdded":0,"filesRemoved":0,"filesRemovedList":[],"filesUnmatched":0,"filesUpdated":0,"matched":0,"total":0,"unchecked":0,"uncheckedKeysByFile":[],"unmatched":0,"updated":0},"startTime":1734587400829,"success":false,"testResults":[{"assertionResults":[{"ancestorTitles":["reportWebVitals"],"failureMessages":["Error: expect(jest.fn()).toHaveBeenCalledWith(...expected)\n\nExpected: [Function mockConstructor]\n\nNumber of calls: 0\n    at Object.<anonymous> (/Users/raviranjan/Documents/agents/react-router-v6-example/src/test/reportWebVitals.baserock.test.js:31:30)\n    at Promise.then.completed (/Users/raviranjan/Documents/agents/react-router-v6-example/node_modules/jest-circus/build/utils.js:391:28)\n    at new Promise (<anonymous>)\n    at callAsyncCircusFn (/Users/raviranjan/Documents/agents/react-router-v6-example/node_modules/jest-circus/build/utils.js:316:10)\n    at _callCircusTest (/Users/raviranjan/Documents/agents/react-router-v6-example/node_modules/jest-circus/build/run.js:218:40)\n    at _runTest (/Users/raviranjan/Documents/agents/react-router-v6-example/node_modules/jest-circus/build/run.js:155:3)\n    at _runTestsForDescribeBlock (/Users/raviranjan/Documents/agents/react-router-v6-example/node_modules/jest-circus/build/run.js:66:9)\n    at _runTestsForDescribeBlock (/Users/raviranjan/Documents/agents/react-router-v6-example/node_modules/jest-circus/build/run.js:60:9)\n    at run (/Users/raviranjan/Documents/agents/react-router-v6-example/node_modules/jest-circus/build/run.js:25:3)\n    at runAndTransformResultsToJestFormat (/Users/raviranjan/Documents/agents/react-router-v6-example/node_modules/jest-circus/build/legacy-code-todo-rewrite/jestAdapterInit.js:170:21)\n    at jestAdapter (/Users/raviranjan/Documents/agents/react-router-v6-example/node_modules/jest-circus/build/legacy-code-todo-rewrite/jestAdapter.js:82:19)\n    at runTestInternal (/Users/raviranjan/Documents/agents/react-router-v6-example/node_modules/jest-runner/build/runTest.js:389:16)\n    at runTest (/Users/raviranjan/Documents/agents/react-router-v6-example/node_modules/jest-runner/build/runTest.js:475:34)\n    at TestRunner.runTests (/Users/raviranjan/Documents/agents/react-router-v6-example/node_modules/jest-runner/build/index.js:101:12)\n    at TestScheduler.scheduleTests (/Users/raviranjan/Documents/agents/react-router-v6-example/node_modules/@jest/core/build/TestScheduler.js:333:13)\n    at runJest (/Users/raviranjan/Documents/agents/react-router-v6-example/node_modules/@jest/core/build/runJest.js:404:19)\n    at _run10000 (/Users/raviranjan/Documents/agents/react-router-v6-example/node_modules/@jest/core/build/cli/index.js:320:7)\n    at runCLI (/Users/raviranjan/Documents/agents/react-router-v6-example/node_modules/@jest/core/build/cli/index.js:173:3)\n    at Object.run (/Users/raviranjan/Documents/agents/react-router-v6-example/node_modules/jest-cli/build/cli/index.js:155:37)"],"fullName":"reportWebVitals should call all web vitals functions when onPerfEntry is a valid function","location":null,"status":"failed","title":"should call all web vitals functions when onPerfEntry is a valid function"},{"ancestorTitles":["reportWebVitals"],"failureMessages":[],"fullName":"reportWebVitals should not call any web vitals functions when onPerfEntry is not provided","location":null,"status":"passed","title":"should not call any web vitals functions when onPerfEntry is not provided"},{"ancestorTitles":["reportWebVitals"],"failureMessages":[],"fullName":"reportWebVitals should not call any web vitals functions when onPerfEntry is not a function","location":null,"status":"passed","title":"should not call any web vitals functions when onPerfEntry is not a function"},{"ancestorTitles":["reportWebVitals"],"failureMessages":["Error: expect(jest.fn()).toHaveBeenCalledWith(...expected)\n\nExpected: Any<Error>\n\nNumber of calls: 0\n    at Object.<anonymous> (/Users/raviranjan/Documents/agents/react-router-v6-example/src/test/reportWebVitals.baserock.test.js:68:24)\n    at Promise.then.completed (/Users/raviranjan/Documents/agents/react-router-v6-example/node_modules/jest-circus/build/utils.js:391:28)\n    at new Promise (<anonymous>)\n    at callAsyncCircusFn (/Users/raviranjan/Documents/agents/react-router-v6-example/node_modules/jest-circus/build/utils.js:316:10)\n    at _callCircusTest (/Users/raviranjan/Documents/agents/react-router-v6-example/node_modules/jest-circus/build/run.js:218:40)\n    at _runTest (/Users/raviranjan/Documents/agents/react-router-v6-example/node_modules/jest-circus/build/run.js:155:3)\n    at _runTestsForDescribeBlock (/Users/raviranjan/Documents/agents/react-router-v6-example/node_modules/jest-circus/build/run.js:66:9)\n    at _runTestsForDescribeBlock (/Users/raviranjan/Documents/agents/react-router-v6-example/node_modules/jest-circus/build/run.js:60:9)\n    at run (/Users/raviranjan/Documents/agents/react-router-v6-example/node_modules/jest-circus/build/run.js:25:3)\n    at runAndTransformResultsToJestFormat (/Users/raviranjan/Documents/agents/react-router-v6-example/node_modules/jest-circus/build/legacy-code-todo-rewrite/jestAdapterInit.js:170:21)\n    at jestAdapter (/Users/raviranjan/Documents/agents/react-router-v6-example/node_modules/jest-circus/build/legacy-code-todo-rewrite/jestAdapter.js:82:19)\n    at runTestInternal (/Users/raviranjan/Documents/agents/react-router-v6-example/node_modules/jest-runner/build/runTest.js:389:16)\n    at runTest (/Users/raviranjan/Documents/agents/react-router-v6-example/node_modules/jest-runner/build/runTest.js:475:34)\n    at TestRunner.runTests (/Users/raviranjan/Documents/agents/react-router-v6-example/node_modules/jest-runner/build/index.js:101:12)\n    at TestScheduler.scheduleTests (/Users/raviranjan/Documents/agents/react-router-v6-example/node_modules/@jest/core/build/TestScheduler.js:333:13)\n    at runJest (/Users/raviranjan/Documents/agents/react-router-v6-example/node_modules/@jest/core/build/runJest.js:404:19)\n    at _run10000 (/Users/raviranjan/Documents/agents/react-router-v6-example/node_modules/@jest/core/build/cli/index.js:320:7)\n    at runCLI (/Users/raviranjan/Documents/agents/react-router-v6-example/node_modules/@jest/core/build/cli/index.js:173:3)\n    at Object.run (/Users/raviranjan/Documents/agents/react-router-v6-example/node_modules/jest-cli/build/cli/index.js:155:37)"],"fullName":"reportWebVitals should handle errors when importing web-vitals module","location":null,"status":"failed","title":"should handle errors when importing web-vitals module"}],"endTime":1734587401160,"message":"  ● reportWebVitals › should call all web vitals functions when onPerfEntry is a valid function\n\n    expect(jest.fn()).toHaveBeenCalledWith(...expected)\n\n    Expected: [Function mockConstructor]\n\n    Number of calls: 0\n\n      29 |     reportWebVitals(mockOnPerfEntry);\n      30 |\n    > 31 |     expect(webVitals.getCLS).toHaveBeenCalledWith(mockOnPerfEntry);\n         |                              ^\n      32 |     expect(webVitals.getFID).toHaveBeenCalledWith(mockOnPerfEntry);\n      33 |     expect(webVitals.getFCP).toHaveBeenCalledWith(mockOnPerfEntry);\n      34 |     expect(webVitals.getLCP).toHaveBeenCalledWith(mockOnPerfEntry);\n\n      at Object.<anonymous> (src/test/reportWebVitals.baserock.test.js:31:30)\n      at TestScheduler.scheduleTests (node_modules/@jest/core/build/TestScheduler.js:333:13)\n      at runJest (node_modules/@jest/core/build/runJest.js:404:19)\n      at _run10000 (node_modules/@jest/core/build/cli/index.js:320:7)\n      at runCLI (node_modules/@jest/core/build/cli/index.js:173:3)\n\n  ● reportWebVitals › should handle errors when importing web-vitals module\n\n    expect(jest.fn()).toHaveBeenCalledWith(...expected)\n\n    Expected: Any<Error>\n\n    Number of calls: 0\n\n      66 |     reportWebVitals(mockOnPerfEntry);\n      67 |\n    > 68 |     expect(consoleSpy).toHaveBeenCalledWith(expect.any(Error));\n         |                        ^\n      69 |     expect(mockOnPerfEntry).not.toHaveBeenCalled();\n      70 |\n      71 |     consoleSpy.mockRestore();\n\n      at Object.<anonymous> (src/test/reportWebVitals.baserock.test.js:68:24)\n      at TestScheduler.scheduleTests (node_modules/@jest/core/build/TestScheduler.js:333:13)\n      at runJest (node_modules/@jest/core/build/runJest.js:404:19)\n      at _run10000 (node_modules/@jest/core/build/cli/index.js:320:7)\n      at runCLI (node_modules/@jest/core/build/cli/index.js:173:3)\n","name":"/Users/raviranjan/Documents/agents/react-router-v6-example/src/test/reportWebVitals.baserock.test.js","startTime":1734587400986,"status":"failed","summary":""}],"wasInterrupted":false,"coverageMap":{"/Users/raviranjan/Documents/agents/react-router-v6-example/src/reportWebVitals.js":{"path":"/Users/raviranjan/Documents/agents/react-router-v6-example/src/reportWebVitals.js","statementMap":{"0":{"start":{"line":1,"column":24},"end":{"line":11,"column":1}},"1":{"start":{"line":2,"column":2},"end":{"line":10,"column":3}},"2":{"start":{"line":3,"column":4},"end":{"line":9,"column":7}},"3":{"start":{"line":4,"column":6},"end":{"line":4,"column":26}},"4":{"start":{"line":5,"column":6},"end":{"line":5,"column":26}},"5":{"start":{"line":6,"column":6},"end":{"line":6,"column":26}},"6":{"start":{"line":7,"column":6},"end":{"line":7,"column":26}},"7":{"start":{"line":8,"column":6},"end":{"line":8,"column":27}}},"fnMap":{"0":{"name":"(anonymous_0)","decl":{"start":{"line":1,"column":24},"end":{"line":1,"column":25}},"loc":{"start":{"line":1,"column":39},"end":{"line":11,"column":1}},"line":1},"1":{"name":"(anonymous_1)","decl":{"start":{"line":3,"column":30},"end":{"line":3,"column":31}},"loc":{"start":{"line":3,"column":79},"end":{"line":9,"column":5}},"line":3}},"branchMap":{"0":{"loc":{"start":{"line":2,"column":2},"end":{"line":10,"column":3}},"type":"if","locations":[{"start":{"line":2,"column":2},"end":{"line":10,"column":3}},{"start":{},"end":{}}],"line":2},"1":{"loc":{"start":{"line":2,"column":6},"end":{"line":2,"column":52}},"type":"binary-expr","locations":[{"start":{"line":2,"column":6},"end":{"line":2,"column":17}},{"start":{"line":2,"column":21},"end":{"line":2,"column":52}}],"line":2}},"s":{"0":1,"1":4,"2":0,"3":0,"4":0,"5":0,"6":0,"7":0},"f":{"0":4,"1":0},"b":{"0":[0,4],"1":[4,3]},"_coverageSchema":"1a1c01bbd47fc00a2c39e90264f33305004495a9","hash":"176f81ad502812bdb9da50215ea2a227ea816385"},"/Users/raviranjan/Documents/agents/react-router-v6-example/src/index.js":{"path":"/Users/raviranjan/Documents/agents/react-router-v6-example/src/index.js","statementMap":{"0":{"start":{"line":7,"column":13},"end":{"line":7,"column":65}},"1":{"start":{"line":8,"column":0},"end":{"line":12,"column":2}},"2":{"start":{"line":17,"column":0},"end":{"line":17,"column":18}}},"fnMap":{},"branchMap":{},"s":{"0":0,"1":0,"2":0},"f":{},"b":{}},"/Users/raviranjan/Documents/agents/react-router-v6-example/src/App.js":{"path":"/Users/raviranjan/Documents/agents/react-router-v6-example/src/App.js","statementMap":{"0":{"start":{"line":12,"column":18},"end":{"line":21,"column":1}},"1":{"start":{"line":24,"column":2},"end":{"line":29,"column":4}},"2":{"start":{"line":33,"column":2},"end":{"line":38,"column":4}},"3":{"start":{"line":42,"column":2},"end":{"line":47,"column":4}},"4":{"start":{"line":51,"column":2},"end":{"line":61,"column":4}},"5":{"start":{"line":54,"column":8},"end":{"line":58,"column":13}},"6":{"start":{"line":65,"column":19},"end":{"line":65,"column":30}},"7":{"start":{"line":66,"column":15},"end":{"line":66,"column":30}},"8":{"start":{"line":67,"column":2},"end":{"line":69,"column":3}},"9":{"start":{"line":68,"column":4},"end":{"line":68,"column":70}},"10":{"start":{"line":70,"column":33},"end":{"line":70,"column":37}},"11":{"start":{"line":71,"column":2},"end":{"line":76,"column":4}},"12":{"start":{"line":80,"column":2},"end":{"line":85,"column":4}},"13":{"start":{"line":89,"column":19},"end":{"line":89,"column":32}},"14":{"start":{"line":91,"column":2},"end":{"line":95,"column":3}},"15":{"start":{"line":92,"column":4},"end":{"line":94,"column":6}},"16":{"start":{"line":97,"column":2},"end":{"line":102,"column":4}},"17":{"start":{"line":106,"column":19},"end":{"line":106,"column":32}},"18":{"start":{"line":108,"column":2},"end":{"line":112,"column":3}},"19":{"start":{"line":109,"column":4},"end":{"line":111,"column":6}},"20":{"start":{"line":114,"column":2},"end":{"line":114,"column":18}},"21":{"start":{"line":118,"column":28},"end":{"line":118,"column":40}},"22":{"start":{"line":119,"column":19},"end":{"line":119,"column":32}},"23":{"start":{"line":124,"column":4},"end":{"line":127,"column":5}},"24":{"start":{"line":125,"column":6},"end":{"line":125,"column":53}},"25":{"start":{"line":126,"column":6},"end":{"line":126,"column":25}},"26":{"start":{"line":129,"column":2},"end":{"line":142,"column":4}},"27":{"start":{"line":135,"column":25},"end":{"line":135,"column":71}},"28":{"start":{"line":139,"column":25},"end":{"line":139,"column":71}},"29":{"start":{"line":146,"column":26},"end":{"line":146,"column":36}},"30":{"start":{"line":147,"column":19},"end":{"line":147,"column":32}},"31":{"start":{"line":150,"column":4},"end":{"line":150,"column":18}},"32":{"start":{"line":151,"column":4},"end":{"line":151,"column":18}},"33":{"start":{"line":154,"column":2},"end":{"line":189,"column":4}},"34":{"start":{"line":193,"column":2},"end":{"line":197,"column":4}}},"fnMap":{"0":{"name":"Home","decl":{"start":{"line":23,"column":9},"end":{"line":23,"column":13}},"loc":{"start":{"line":23,"column":16},"end":{"line":30,"column":1}},"line":23},"1":{"name":"About","decl":{"start":{"line":32,"column":9},"end":{"line":32,"column":14}},"loc":{"start":{"line":32,"column":17},"end":{"line":39,"column":1}},"line":32},"2":{"name":"Posts","decl":{"start":{"line":41,"column":9},"end":{"line":41,"column":14}},"loc":{"start":{"line":41,"column":17},"end":{"line":48,"column":1}},"line":41},"3":{"name":"PostLists","decl":{"start":{"line":50,"column":9},"end":{"line":50,"column":18}},"loc":{"start":{"line":50,"column":21},"end":{"line":62,"column":1}},"line":50},"4":{"name":"(anonymous_4)","decl":{"start":{"line":53,"column":37},"end":{"line":53,"column":38}},"loc":{"start":{"line":54,"column":8},"end":{"line":58,"column":13}},"line":54},"5":{"name":"Post","decl":{"start":{"line":64,"column":9},"end":{"line":64,"column":13}},"loc":{"start":{"line":64,"column":16},"end":{"line":77,"column":1}},"line":64},"6":{"name":"NoMatch","decl":{"start":{"line":79,"column":9},"end":{"line":79,"column":16}},"loc":{"start":{"line":79,"column":19},"end":{"line":86,"column":1}},"line":79},"7":{"name":"Stats","decl":{"start":{"line":88,"column":9},"end":{"line":88,"column":14}},"loc":{"start":{"line":88,"column":25},"end":{"line":103,"column":1}},"line":88},"8":{"name":"ProtectedRoute","decl":{"start":{"line":105,"column":9},"end":{"line":105,"column":23}},"loc":{"start":{"line":105,"column":44},"end":{"line":115,"column":1}},"line":105},"9":{"name":"Login","decl":{"start":{"line":117,"column":9},"end":{"line":117,"column":14}},"loc":{"start":{"line":117,"column":28},"end":{"line":143,"column":1}},"line":117},"10":{"name":"handleLogin","decl":{"start":{"line":121,"column":11},"end":{"line":121,"column":22}},"loc":{"start":{"line":121,"column":25},"end":{"line":128,"column":3}},"line":121},"11":{"name":"(anonymous_11)","decl":{"start":{"line":135,"column":18},"end":{"line":135,"column":19}},"loc":{"start":{"line":135,"column":25},"end":{"line":135,"column":71}},"line":135},"12":{"name":"(anonymous_12)","decl":{"start":{"line":139,"column":18},"end":{"line":139,"column":19}},"loc":{"start":{"line":139,"column":25},"end":{"line":139,"column":71}},"line":139},"13":{"name":"AppLayout","decl":{"start":{"line":145,"column":9},"end":{"line":145,"column":18}},"loc":{"start":{"line":145,"column":21},"end":{"line":190,"column":1}},"line":145},"14":{"name":"logOut","decl":{"start":{"line":149,"column":11},"end":{"line":149,"column":17}},"loc":{"start":{"line":149,"column":20},"end":{"line":152,"column":3}},"line":149},"15":{"name":"App","decl":{"start":{"line":192,"column":9},"end":{"line":192,"column":12}},"loc":{"start":{"line":192,"column":15},"end":{"line":198,"column":1}},"line":192}},"branchMap":{"0":{"loc":{"start":{"line":67,"column":2},"end":{"line":69,"column":3}},"type":"if","locations":[{"start":{"line":67,"column":2},"end":{"line":69,"column":3}},{"start":{},"end":{}}],"line":67},"1":{"loc":{"start":{"line":91,"column":2},"end":{"line":95,"column":3}},"type":"if","locations":[{"start":{"line":91,"column":2},"end":{"line":95,"column":3}},{"start":{},"end":{}}],"line":91},"2":{"loc":{"start":{"line":108,"column":2},"end":{"line":112,"column":3}},"type":"if","locations":[{"start":{"line":108,"column":2},"end":{"line":112,"column":3}},{"start":{},"end":{}}],"line":108},"3":{"loc":{"start":{"line":124,"column":4},"end":{"line":127,"column":5}},"type":"if","locations":[{"start":{"line":124,"column":4},"end":{"line":127,"column":5}},{"start":{},"end":{}}],"line":124},"4":{"loc":{"start":{"line":124,"column":7},"end":{"line":124,"column":61}},"type":"binary-expr","locations":[{"start":{"line":124,"column":7},"end":{"line":124,"column":33}},{"start":{"line":124,"column":37},"end":{"line":124,"column":61}}],"line":124},"5":{"loc":{"start":{"line":125,"column":6},"end":{"line":125,"column":52}},"type":"binary-expr","locations":[{"start":{"line":125,"column":6},"end":{"line":125,"column":13}},{"start":{"line":125,"column":17},"end":{"line":125,"column":52}}],"line":125},"6":{"loc":{"start":{"line":167,"column":12},"end":{"line":169,"column":17}},"type":"binary-expr","locations":[{"start":{"line":167,"column":12},"end":{"line":167,"column":16}},{"start":{"line":167,"column":20},"end":{"line":169,"column":17}}],"line":167},"7":{"loc":{"start":{"line":170,"column":12},"end":{"line":172,"column":17}},"type":"binary-expr","locations":[{"start":{"line":170,"column":12},"end":{"line":170,"column":17}},{"start":{"line":170,"column":21},"end":{"line":172,"column":17}}],"line":170},"8":{"loc":{"start":{"line":173,"column":12},"end":{"line":175,"column":17}},"type":"binary-expr","locations":[{"start":{"line":173,"column":12},"end":{"line":173,"column":16}},{"start":{"line":173,"column":20},"end":{"line":175,"column":17}}],"line":173}},"s":{"0":0,"1":0,"2":0,"3":0,"4":0,"5":0,"6":0,"7":0,"8":0,"9":0,"10":0,"11":0,"12":0,"13":0,"14":0,"15":0,"16":0,"17":0,"18":0,"19":0,"20":0,"21":0,"22":0,"23":0,"24":0,"25":0,"26":0,"27":0,"28":0,"29":0,"30":0,"31":0,"32":0,"33":0,"34":0},"f":{"0":0,"1":0,"2":0,"3":0,"4":0,"5":0,"6":0,"7":0,"8":0,"9":0,"10":0,"11":0,"12":0,"13":0,"14":0,"15":0},"b":{"0":[0,0],"1":[0,0],"2":[0,0],"3":[0,0],"4":[0,0],"5":[0,0],"6":[0,0],"7":[0,0],"8":[0,0]}}}}